Niagara_1/app/build/intermediates/manifest_merge_blame_file/debug/processDebugMainManifest/manifest-merger-blame-debug-report.txt
1<?xml version="1.0" encoding="utf-8"?>
2<manifest xmlns:android="http://schemas.android.com/apk/res/android"
3    package="com.example.bleapp"
4    android:versionCode="1"
5    android:versionName="1.0" >
6
7    <uses-sdk
8        android:minSdkVersion="21"
9        android:targetSdkVersion="35" />
10
11    <uses-permission
11-->src\main\AndroidManifest.xml:5:5-8:31
12        android:name="android.permission.BLUETOOTH_SCAN"
12-->src\main\AndroidManifest.xml:6:9-57
13        android:usesPermissionFlags="neverForLocation" />
13-->src\main\AndroidManifest.xml:7:9-55
14    <uses-permission android:name="android.permission.BLUETOOTH_CONNECT" />
14-->src\main\AndroidManifest.xml:9:5-76
14-->src\main\AndroidManifest.xml:9:22-73
15    <uses-permission android:name="android.permission.BLUETOOTH" />
15-->src\main\AndroidManifest.xml:10:5-68
15-->src\main\AndroidManifest.xml:10:22-65
16    <uses-permission android:name="android.permission.BLUETOOTH_ADMIN" />
16-->src\main\AndroidManifest.xml:11:5-74
16-->src\main\AndroidManifest.xml:11:22-71
17    <uses-permission android:name="android.permission.ACCESS_FINE_LOCATION" />
17-->src\main\AndroidManifest.xml:12:5-79
17-->src\main\AndroidManifest.xml:12:22-76
18    <uses-permission android:name="android.permission.INTERNET" />
18-->src\main\AndroidManifest.xml:13:5-67
18-->src\main\AndroidManifest.xml:13:22-64
19
20    <uses-feature
20-->src\main\AndroidManifest.xml:15:5-17:35
21        android:name="android.hardware.bluetooth_le"
21-->src\main\AndroidManifest.xml:16:9-53
22        android:required="true" />
22-->src\main\AndroidManifest.xml:17:9-32
23
24    <permission
24-->[androidx.core:core:1.13.1] AndroidManifest.xml:22:5-24:47
25        android:name="com.example.bleapp.DYNAMIC_RECEIVER_NOT_EXPORTED_PERMISSION"
25-->[androidx.core:core:1.13.1] AndroidManifest.xml:23:9-81
26        android:protectionLevel="signature" />
26-->[androidx.core:core:1.13.1] AndroidManifest.xml:24:9-44
27
28    <uses-permission android:name="com.example.bleapp.DYNAMIC_RECEIVER_NOT_EXPORTED_PERMISSION" />
28-->[androidx.core:core:1.13.1] AndroidManifest.xml:26:5-97
28-->[androidx.core:core:1.13.1] AndroidManifest.xml:26:22-94
29
30    <application
30-->src\main\AndroidManifest.xml:19:5-47:19
31        android:allowBackup="true"
31-->src\main\AndroidManifest.xml:20:9-35
32        android:appComponentFactory="androidx.core.app.CoreComponentFactory"
32-->[androidx.core:core:1.13.1] AndroidManifest.xml:28:18-86
33        android:debuggable="true"
34        android:extractNativeLibs="true"
35        android:label="@string/app_name"
35-->src\main\AndroidManifest.xml:21:9-41
36        android:theme="@style/Theme.AppCompat.DayNight.NoActionBar"
36-->src\main\AndroidManifest.xml:23:9-68
37        android:usesCleartextTraffic="true" >
37-->src\main\AndroidManifest.xml:22:9-44
38        <activity
38-->src\main\AndroidManifest.xml:25:9-28:52
39            android:name="com.example.bleapp.MainActivity"
39-->src\main\AndroidManifest.xml:26:13-41
40            android:exported="false"
40-->src\main\AndroidManifest.xml:27:13-37
41            android:screenOrientation="portrait" />
41-->src\main\AndroidManifest.xml:28:13-49
42        <activity
42-->src\main\AndroidManifest.xml:30:9-39:20
43            android:name="com.example.bleapp.ControlActivity"
43-->src\main\AndroidManifest.xml:31:13-44
44            android:exported="true"
44-->src\main\AndroidManifest.xml:32:13-36
45            android:label="电机控制"
45-->src\main\AndroidManifest.xml:33:13-33
46            android:screenOrientation="portrait" >
46-->src\main\AndroidManifest.xml:34:13-49
47            <intent-filter>
47-->src\main\AndroidManifest.xml:35:13-38:29
48                <action android:name="android.intent.action.MAIN" />
48-->src\main\AndroidManifest.xml:36:17-69
48-->src\main\AndroidManifest.xml:36:25-66
49
50                <category android:name="android.intent.category.LAUNCHER" />
50-->src\main\AndroidManifest.xml:37:17-77
50-->src\main\AndroidManifest.xml:37:27-74
51            </intent-filter>
52        </activity>
53        <activity
53-->src\main\AndroidManifest.xml:41:9-45:52
54            android:name="com.example.bleapp.NiagaraWebActivity"
54-->src\main\AndroidManifest.xml:42:13-47
55            android:exported="false"
55-->src\main\AndroidManifest.xml:43:13-37
56            android:label="@string/niagara_title"
56-->src\main\AndroidManifest.xml:44:13-50
57            android:screenOrientation="portrait" />
57-->src\main\AndroidManifest.xml:45:13-49
58
59        <provider
59-->[androidx.emoji2:emoji2:1.3.0] AndroidManifest.xml:24:9-32:20
60            android:name="androidx.startup.InitializationProvider"
60-->[androidx.emoji2:emoji2:1.3.0] AndroidManifest.xml:25:13-67
61            android:authorities="com.example.bleapp.androidx-startup"
61-->[androidx.emoji2:emoji2:1.3.0] AndroidManifest.xml:26:13-68
62            android:exported="false" >
62-->[androidx.emoji2:emoji2:1.3.0] AndroidManifest.xml:27:13-37
63            <meta-data
63-->[androidx.emoji2:emoji2:1.3.0] AndroidManifest.xml:29:13-31:52
64                android:name="androidx.emoji2.text.EmojiCompatInitializer"
64-->[androidx.emoji2:emoji2:1.3.0] AndroidManifest.xml:30:17-75
65                android:value="androidx.startup" />
65-->[androidx.emoji2:emoji2:1.3.0] AndroidManifest.xml:31:17-49
66            <meta-data
66-->[androidx.lifecycle:lifecycle-process:2.6.2] AndroidManifest.xml:29:13-31:52
67                android:name="androidx.lifecycle.ProcessLifecycleInitializer"
67-->[androidx.lifecycle:lifecycle-process:2.6.2] AndroidManifest.xml:30:17-78
68                android:value="androidx.startup" />
68-->[androidx.lifecycle:lifecycle-process:2.6.2] AndroidManifest.xml:31:17-49
69            <meta-data
69-->[androidx.profileinstaller:profileinstaller:1.3.1] AndroidManifest.xml:29:13-31:52
70                android:name="androidx.profileinstaller.ProfileInstallerInitializer"
70-->[androidx.profileinstaller:profileinstaller:1.3.1] AndroidManifest.xml:30:17-85
71                android:value="androidx.startup" />
71-->[androidx.profileinstaller:profileinstaller:1.3.1] AndroidManifest.xml:31:17-49
72        </provider>
73
74        <receiver
74-->[androidx.profileinstaller:profileinstaller:1.3.1] AndroidManifest.xml:34:9-52:20
75            android:name="androidx.profileinstaller.ProfileInstallReceiver"
75-->[androidx.profileinstaller:profileinstaller:1.3.1] AndroidManifest.xml:35:13-76
76            android:directBootAware="false"
76-->[androidx.profileinstaller:profileinstaller:1.3.1] AndroidManifest.xml:36:13-44
77            android:enabled="true"
77-->[androidx.profileinstaller:profileinstaller:1.3.1] AndroidManifest.xml:37:13-35
78            android:exported="true"
78-->[androidx.profileinstaller:profileinstaller:1.3.1] AndroidManifest.xml:38:13-36
79            android:permission="android.permission.DUMP" >
79-->[androidx.profileinstaller:profileinstaller:1.3.1] AndroidManifest.xml:39:13-57
80            <intent-filter>
80-->[androidx.profileinstaller:profileinstaller:1.3.1] AndroidManifest.xml:40:13-42:29
81                <action android:name="androidx.profileinstaller.action.INSTALL_PROFILE" />
81-->[androidx.profileinstaller:profileinstaller:1.3.1] AndroidManifest.xml:41:17-91
81-->[androidx.profileinstaller:profileinstaller:1.3.1] AndroidManifest.xml:41:25-88
82            </intent-filter>
83            <intent-filter>
83-->[androidx.profileinstaller:profileinstaller:1.3.1] AndroidManifest.xml:43:13-45:29
84                <action android:name="androidx.profileinstaller.action.SKIP_FILE" />
84-->[androidx.profileinstaller:profileinstaller:1.3.1] AndroidManifest.xml:44:17-85
84-->[androidx.profileinstaller:profileinstaller:1.3.1] AndroidManifest.xml:44:25-82
85            </intent-filter>
86            <intent-filter>
86-->[androidx.profileinstaller:profileinstaller:1.3.1] AndroidManifest.xml:46:13-48:29
87                <action android:name="androidx.profileinstaller.action.SAVE_PROFILE" />
87-->[androidx.profileinstaller:profileinstaller:1.3.1] AndroidManifest.xml:47:17-88
87-->[androidx.profileinstaller:profileinstaller:1.3.1] AndroidManifest.xml:47:25-85
88            </intent-filter>
89            <intent-filter>
89-->[androidx.profileinstaller:profileinstaller:1.3.1] AndroidManifest.xml:49:13-51:29
90                <action android:name="androidx.profileinstaller.action.BENCHMARK_OPERATION" />
90-->[androidx.profileinstaller:profileinstaller:1.3.1] AndroidManifest.xml:50:17-95
90-->[androidx.profileinstaller:profileinstaller:1.3.1] AndroidManifest.xml:50:25-92
91            </intent-filter>
92        </receiver>
93    </application>
94
95</manifest>